<?xml version="1.0" encoding="utf-8"?><testsuites name="pytest tests"><testsuite name="pytest" errors="0" failures="0" skipped="0" tests="24" time="4.516" timestamp="2026-03-26T19:06:15.723494+00:00" hostname="agent-env-eddff604-24b5-4a50-901d-484c22683d28"><testcase classname="tests.test_api_keys.TestApiPlans" name="test_get_api_plans" time="0.160" /><testcase classname="tests.test_api_keys.TestApiPlans" name="test_basic_plan_limits" time="0.145" /><testcase classname="tests.test_api_keys.TestApiPlans" name="test_pro_plan_limits" time="0.156" /><testcase classname="tests.test_api_keys.TestApiPlans" name="test_enterprise_plan_limits" time="0.112" /><testcase classname="tests.test_api_keys.TestPublicApiV1" name="test_health_no_auth" time="0.120" /><testcase classname="tests.test_api_keys.TestPublicApiV1" name="test_company_without_auth_fails" time="0.109" /><testcase classname="tests.test_api_keys.TestPublicApiV1" name="test_company_with_invalid_key_fails" time="0.126" /><testcase classname="tests.test_api_keys.TestPublicApiV1" name="test_company_with_valid_key" time="0.143" /><testcase classname="tests.test_api_keys.TestPublicApiV1" name="test_search_with_valid_key" time="0.676" /><testcase classname="tests.test_api_keys.TestPublicApiV1" name="test_financials_with_pro_key" time="0.143" /><testcase classname="tests.test_api_keys.TestPublicApiV1" name="test_company_not_found" time="0.124" /><testcase classname="tests.test_api_keys.TestApiKeyManagement" name="test_get_my_keys_requires_auth" time="0.111" /><testcase classname="tests.test_api_keys.TestApiKeyManagement" name="test_get_my_keys_authenticated" time="0.445" /><testcase classname="tests.test_api_keys.TestApiKeyManagement" name="test_create_api_key" time="0.147" /><testcase classname="tests.test_api_keys.TestApiKeyManagement" name="test_create_key_invalid_plan" time="0.109" /><testcase classname="tests.test_api_keys.TestApiKeyManagement" name="test_update_api_key" time="0.120" /><testcase classname="tests.test_api_keys.TestApiKeyManagement" name="test_toggle_api_key_active" time="0.326" /><testcase classname="tests.test_api_keys.TestApiKeyManagement" name="test_get_api_key_usage" time="0.122" /><testcase classname="tests.test_api_keys.TestApiKeyManagement" name="test_regenerate_api_key" time="0.236" /><testcase classname="tests.test_api_keys.TestApiKeyManagement" name="test_delete_api_key" time="0.124" /><testcase classname="tests.test_api_keys.TestAdminApiKeys" name="test_admin_get_all_keys" time="0.129" /><testcase classname="tests.test_api_keys.TestAdminApiKeys" name="test_admin_toggle_key" time="0.234" /><testcase classname="tests.test_api_keys.TestRateLimiting" name="test_rate_limit_headers" time="0.110" /><testcase classname="tests.test_api_keys.TestRateLimiting" name="test_request_counter_increments" time="0.184" /></testsuite></testsuites>